2022-07-28 02:57:24|wallet_initiate|Request - {"merchantId":1000004,"operatorId":100007,"userKey":123456,"msisdn":3482423523,"transactionType":0,"amount":1}
2022-07-28 02:57:24|wallet_initiate|Log - {"status":"0000","message":"Success","operatorId":"100007","merchantId":"1000004","transactionId":"49011579"}
2022-07-28 03:19:32|wallet_initiate|Request - {"merchantId":1000004,"operatorId":100007,"userKey":123456,"msisdn":3482423523,"transactionType":0,"amount":1,"type":"GET"}
2022-07-28 03:19:32|wallet_initiate|Log - {"status":"0000","message":"Success","operatorId":"100007","merchantId":"1000004","transactionId":"49011590"}
2022-07-28 05:57:40|wallet_initiate|Request - Array
2022-07-28 05:57:40|wallet_initiate|Log - {"status":"0000","message":"Success","operatorId":"100007","merchantId":"1000004","transactionId":"49011611"}
2022-07-28 05:58:12|wallet_initiate|Request - {"merchantId":1000004,"operatorId":100007,"userKey":123456,"msisdn":3482423523,"transactionType":0,"amount":1,"type":"GET"}
2022-07-28 05:58:12|wallet_initiate|Log - {"status":"0000","message":"Success","operatorId":"100007","merchantId":"1000004","transactionId":"49011612"}
2022-07-28 06:00:38|wallet_initiate|Request - {"merchantId":1000004,"operatorId":100007,"userKey":123456,"msisdn":3482423523,"transactionType":0,"amount":1,"type":"GET"}
2022-07-28 06:00:38|wallet_initiate|Log - {"status":"0000","message":"Success","operatorId":"100007","merchantId":"1000004","transactionId":"49011613"}
2022-07-28 06:01:40|wallet_verify|Request - {"merchantId":1000004,"operatorId":100007,"userKey":123456,"msisdn":3482423523,"transactionType":0,"amount":1,"otp":1879,"type":"GET"}
2022-07-28 06:01:40|wallet_verify|Log - {"status":"0011","message":"Invalid-Otp","operatorId":"100007","merchantId":"1000004"}
2022-07-28 06:11:57|wallet_verify|Request - {"merchantId":1000004,"operatorId":100007,"userKey":123456,"msisdn":3482423523,"transactionType":0,"amount":1,"otp":1879,"type":"GET"}
2022-07-28 06:11:57|wallet_verify|Log - {"status":"0011","message":"Invalid-Otp","operatorId":"100007","merchantId":"1000004"}
2022-07-28 06:11:58|wallet_initiate|Request - {"merchantId":1000004,"operatorId":100007,"userKey":123456,"msisdn":3482423523,"transactionType":0,"amount":1,"type":"GET"}
2022-07-28 06:11:58|wallet_initiate|Log - {"status":"0000","message":"Success","operatorId":"100007","merchantId":"1000004","transactionId":"49011615"}
2022-07-28 06:13:16|wallet_verify|Request - {"merchantId":1000004,"operatorId":100007,"userKey":123456,"msisdn":3482423523,"transactionType":0,"amount":1,"otp":8989,"type":"GET"}
2022-07-28 06:13:16|wallet_verify|Log - {"status":"0000","message":"Success","operatorId":"100007","merchantId":"1000004","transactionId":"49011615"}
2022-07-29 08:47:09|wallet_initiate|Request - {"merchantId":1000004,"operatorId":100007,"userKey":123456,"msisdn":3482423523,"transactionType":0,"amount":1,"type":"GET"}
2022-07-29 08:47:09|wallet_initiate|Log - {"status":"0000","message":"Success","operatorId":"100007","merchantId":"1000004","transactionId":"49011631"}
2022-07-29 08:47:16|wallet_initiate|Request - {"merchantId":1000004,"operatorId":100007,"userKey":123456,"msisdn":3482423523,"transactionType":0,"amount":1,"type":"GET"}
2022-07-29 08:47:16|wallet_initiate|Log - {"status":"0000","message":"Success","operatorId":"100007","merchantId":"1000004","transactionId":"49011632"}
2022-07-29 09:58:33|wallet_initiate|Request - {"merchantId":1000004,"operatorId":100007,"userKey":123456,"msisdn":3482423523,"transactionType":0,"amount":1,"type":"GET"}
2022-07-29 09:58:33|wallet_initiate|Log - {"status":"0000","message":"Success","operatorId":"100007","merchantId":"1000004","transactionId":"49011671"}
